"../../../Engine/Content/Animation/DefaultAnimCurveCompressionSettings.uasset" 0
"../../../Engine/Content/Functions/Engine_MaterialFunctions01/Opacity/CameraDepthFade.uasset" 1
"../../../Engine/Content/EngineMaterials/T_Default_Material_Grid_M.uasset" 2
"../../../Engine/Content/EngineMaterials/T_Default_Material_Grid_N.uasset" 3
"../../../Engine/Content/EngineMaterials/WorldGridMaterial.uasset" 4
"../../../Engine/Content/ArtTools/RenderToTexture/Meshes/S_1_Unit_Plane.uasset" 5
"../../../Engine/Content/EngineMaterials/DefaultMaterial.uasset" 6
"../../../Engine/Content/BasicShapes/Cone.uasset" 7
"../../../Engine/Content/BasicShapes/Cylinder.uasset" 8
"../../../Engine/Content/BasicShapes/Plane.uasset" 9
"../../../Engine/Content/BasicShapes/Sphere.uasset" 10
"../../../Engine/Content/EditorLandscapeResources/DataLayer.uasset" 11
"../../../Engine/Content/EditorMaterials/MAT_Groups_Toggle.uasset" 12
"../../../Engine/Content/EditorMaterials/MAT_Groups_Visibility.uasset" 13
"../../../Engine/Content/EditorMaterials/PreviewShadowIndicator.uasset" 14
"../../../Engine/Content/EditorMaterials/PreviewShadowIndicatorMaterial.uasset" 15
"../../../Engine/Content/EditorMaterials/MatineeGroups/MAT_ColorTrack.uasset" 16
"../../../Engine/Content/EditorMaterials/MatineeGroups/MAT_Groups_Anim.uasset" 17
"../../../Engine/Content/EditorMaterials/MatineeGroups/MAT_Groups_AudioMaster.uasset" 18
"../../../Engine/Content/EditorMaterials/MatineeGroups/MAT_Groups_Director.uasset" 19
"../../../Engine/Content/EditorMaterials/MatineeGroups/MAT_Groups_Event.uasset" 20
"../../../Engine/Content/EditorMaterials/MatineeGroups/MAT_Groups_Fade.uasset" 21
"../../../Engine/Content/EditorMaterials/MatineeGroups/MAT_Groups_Float.uasset" 22
"../../../Engine/Content/EditorMaterials/MatineeGroups/MAT_Groups_Move.uasset" 23
"../../../Engine/Content/EditorMaterials/MatineeGroups/MAT_Groups_Slomo.uasset" 24
"../../../Engine/Content/EditorMaterials/MatineeGroups/MAT_Groups_Sound.uasset" 25
"../../../Engine/Content/EditorMaterials/MatineeGroups/MAT_Groups_Vector.uasset" 26
"../../../Engine/Content/EditorMaterials/ParticleSystems/PSysThumbnail_NoImage.uasset" 27
"../../../Engine/Content/EditorMaterials/ParticleSystems/PSysThumbnail_OOD.uasset" 28
"../../../Engine/Content/EditorMaterials/Camera/CineMat.uasset" 29
"../../../Engine/Content/EditorMaterials/Camera/MI_CineMat_Rig.uasset" 30
"../../../Engine/Content/EditorMeshes/Camera/SM_CraneRig_Arm.uasset" 31
"../../../Engine/Content/EditorMeshes/Camera/SM_CraneRig_Base.uasset" 32
"../../../Engine/Content/EditorMeshes/Camera/SM_CraneRig_Body.uasset" 33
"../../../Engine/Content/EditorMeshes/Camera/SM_CraneRig_Mount.uasset" 34
"../../../Engine/Content/EditorMeshes/Camera/SM_RailRig_Mount.uasset" 35
"../../../Engine/Content/EditorMeshes/Camera/SM_RailRig_Track.uasset" 36
"../../../Engine/Content/EditorResources/BSPVertex.uasset" 37
"../../../Engine/Content/EditorResources/S_Actor.uasset" 38
"../../../Engine/Content/EditorResources/S_Note.uasset" 39
"../../../Engine/Content/EditorResources/S_Solver.uasset" 40
"../../../Engine/Content/EditorResources/S_Trigger.uasset" 41
"../../../Engine/Content/EditorResources/SequenceRecorder/Countdown.uasset" 42
"../../../Engine/Content/EditorResources/SequenceRecorder/RecordingIndicator.uasset" 43
"../../../Engine/Content/EditorSounds/Notifications/CompileFailed.uasset" 44
"../../../Engine/Content/EditorSounds/Notifications/CompileFailed_Cue.uasset" 45
"../../../Engine/Content/EditorSounds/Notifications/CompileSuccess.uasset" 46
"../../../Engine/Content/EditorSounds/Notifications/CompileStart_Cue.uasset" 47
"../../../Engine/Content/EditorSounds/Notifications/CompileSuccess_Cue.uasset" 48
"../../../Engine/Content/EngineDamageTypes/DmgTypeBP_Environmental.uasset" 49
"../../../Engine/Content/EngineDebugMaterials/DebugEditorMaterial.uasset" 50
"../../../Engine/Content/EngineDebugMaterials/DebugMeshMaterial.uasset" 51
"../../../Engine/Content/EngineDebugMaterials/M_SimpleUnlitTranslucent.uasset" 52
"../../../Engine/Content/Functions/Engine_MaterialFunctions02/Utility/CameraDirectionVector.uasset" 53
"../../../Engine/Content/EngineDebugMaterials/VolumeToRender.uasset" 54
"../../../Engine/Content/EngineDebugMaterials/M_VolumeRenderSphereTracePP.uasset" 55
"../../../Engine/Content/EngineDebugMaterials/WireframeMaterial.uasset" 56
"../../../Engine/Content/EngineFonts/Faces/DroidSansFallback.uasset" 57
"../../../Engine/Content/EngineFonts/Faces/RobotoBold.uasset" 58
"../../../Engine/Content/EngineFonts/Faces/RobotoBoldItalic.uasset" 59
"../../../Engine/Content/EngineFonts/Faces/RobotoItalic.uasset" 60
"../../../Engine/Content/EngineFonts/Faces/RobotoLight.uasset" 61
"../../../Engine/Content/EngineFonts/Faces/RobotoRegular.uasset" 62
"../../../Engine/Content/EngineFonts/Roboto.uasset" 63
"../../../Engine/Content/EngineMaterials/BaseFlattenDiffuseMap.uasset" 64
"../../../Engine/Content/EngineMaterials/BaseFlattenEmissiveMap.uasset" 65
"../../../Engine/Content/EngineMaterials/BaseFlattenGrayscaleMap.uasset" 66
"../../../Engine/Content/EngineMaterials/BaseFlattenNormalMap.uasset" 67
"../../../Engine/Content/EngineMaterials/BaseFlattenMaterial.uasset" 68
"../../../Engine/Content/EngineMaterials/BlueNoise.uasset" 69
"../../../Engine/Content/EngineMaterials/DefaultBloomKernel.uasset" 70
"../../../Engine/Content/EngineMaterials/DefaultBokeh.uasset" 71
"../../../Engine/Content/EngineMaterials/DefaultDiffuse.uasset" 72
"../../../Engine/Content/EngineMaterials/DefaultDeferredDecalMaterial.uasset" 73
"../../../Engine/Content/EngineMaterials/DefaultLightFunctionMaterial.uasset" 74
"../../../Engine/Content/EngineMaterials/DefaultPhysicalMaterial.uasset" 75
"../../../Engine/Content/Functions/Engine_MaterialFunctions02/Utility/BreakOutFloat2Components.uasset" 76
"../../../Engine/Content/EngineMaterials/DefaultPostProcessMaterial.uasset" 77
"../../../Engine/Content/EngineFonts/RobotoDistanceField.uasset" 78
"../../../Engine/Content/EngineMaterials/DefaultTextMaterialOpaque.uasset" 79
"../../../Engine/Content/EngineMaterials/DefaultWhiteGrid.uasset" 80
"../../../Engine/Content/EngineMaterials/DefaultWhiteGrid_Low.uasset" 81
"../../../Engine/Content/EngineMaterials/EmissiveMeshMaterial.uasset" 82
"../../../Engine/Content/EngineMaterials/GizmoMaterial.uasset" 83
"../../../Engine/Content/EngineMaterials/Good64x64TilingNoiseHighFreq.uasset" 84
"../../../Engine/Content/EngineMaterials/MiniFont.uasset" 85
"../../../Engine/Content/EngineMaterials/InvalidLightmapSettings.uasset" 86
"../../../Engine/Content/EngineMaterials/M_InvalidLightmapSettings.uasset" 87
"../../../Engine/Content/Functions/Engine_MaterialFunctions02/WorldPositionOffset/CameraOffset.uasset" 88
"../../../Engine/Content/EngineMaterials/PhAT_JointLimitMaterial.uasset" 89
"../../../Engine/Content/EngineMaterials/PreintegratedSkinBRDF.uasset" 90
"../../../Engine/Content/EngineMaterials/RemoveSurfaceMaterial.uasset" 91
"../../../Engine/Content/EngineMaterials/WeightMapPlaceholderTexture.uasset" 92
"../../../Engine/Content/EngineResources/WhiteSquareTexture.uasset" 93
"../../../Engine/Content/EngineMaterials/Widget3DPassThrough.uasset" 94
"../../../Engine/Content/EngineMaterials/Widget3DPassThrough_Masked.uasset" 95
"../../../Engine/Content/EngineMaterials/Widget3DPassThrough_Opaque.uasset" 96
"../../../Engine/Content/EngineMaterials/Widget3DPassThrough_Masked_OneSided.uasset" 97
"../../../Engine/Content/EngineMaterials/Widget3DPassThrough_Opaque_OneSided.uasset" 98
"../../../Engine/Content/EngineMaterials/Widget3DPassThrough_Translucent.uasset" 99
"../../../Engine/Content/EngineMaterials/Widget3DPassThrough_Translucent_OneSided.uasset" 100
"../../../Engine/Content/EngineMeshes/Cylinder.uasset" 101
"../../../Engine/Content/EngineMeshes/Sphere.uasset" 102
"../../../Engine/Content/EngineResources/Black.uasset" 103
"../../../Engine/Content/EngineResources/DefaultTexture.uasset" 104
"../../../Engine/Content/EngineResources/DefaultTextureCube.uasset" 105
"../../../Engine/Content/EngineResources/DefaultVolumeTexture2D.uasset" 106
"../../../Engine/Content/EngineResources/DefaultVolumeTexture.uasset" 107
"../../../Engine/Content/EngineResources/GradientTexture0.uasset" 108
"../../../Engine/Content/EngineSounds/Master.uasset" 109
"../../../Engine/Content/Functions/Engine_MaterialFunctions01/Shading/ConvertFromDiffSpec.uasset" 110
"../../../Engine/Content/Functions/Engine_MaterialFunctions01/Shading/PowerToRoughness.uasset" 111
"../../../Engine/Content/Maps/Templates/Thumbnails/Default.uasset" 112
"../../../Engine/Content/Maps/Templates/Thumbnails/TimeOfDay.uasset" 113
"../../../Engine/Content/Maps/Templates/Thumbnails/VR-Basic.uasset" 114
"../../../Engine/Content/MobileResources/T_MobileControls_texture.uasset" 115
"../../../Engine/Content/MobileResources/T_MobileMenu2.uasset" 116
"../../../Engine/Content/MobileResources/HUD/AnalogHat.uasset" 117
"../../../Engine/Content/MobileResources/HUD/VirtualJoystick_Background.uasset" 118
"../../../Engine/Content/MobileResources/HUD/VirtualJoystick_Thumb.uasset" 119
"../../../Engine/Content/MobileResources/HUD/DefaultVirtualJoysticks.uasset" 120
"../../../Engine/Content/MobileResources/HUD/LeftVirtualJoystickOnly.uasset" 121
"../../../Engine/Content/MobileResources/HUD/MobileHUDButton1_off.uasset" 122
"../../../Engine/Content/MobileResources/HUD/MobileHUDButton1_on.uasset" 123
"../../../Engine/Content/MobileResources/HUD/MobileHUDButton2_off.uasset" 124
"../../../Engine/Content/MobileResources/HUD/MobileHUDButton2_on.uasset" 125
"../../../Engine/Content/MobileResources/HUD/MobileHUDButton3.uasset" 126
"../../../Engine/Content/MobileResources/HUD/MobileHUDButtonFire.uasset" 127
"../../../Engine/Content/MobileResources/HUD/MobileHUDDirectionPad.uasset" 128
"../../../Engine/Content/MobileResources/HUD/MobileHUDDirectionPad2.uasset" 129
"../../../Engine/Content/MobileResources/HUD/MobileHUDDirectionPad3.uasset" 130
"../../../Engine/Content/MobileResources/HUD/MobileHUDDirectionStick.uasset" 131
"../../../Engine/Content/MobileResources/HUD/T_Castle_ThumbstickInner.uasset" 132
"../../../Engine/Content/MobileResources/HUD/T_Castle_ThumbstickOutter.uasset" 133
"../../../Engine/Content/Tutorial/ContentIntroCurve.uasset" 134
"../../../Engine/Content/Tutorial/Basics/LevelEditorAttract.uasset" 135
"../../../Engine/Content/Tutorial/Installation/InstallingVisualStudioTutorial.uasset" 136
"../../../Engine/Content/VREditor/LaserPointer/VR_LaserPower_01.uasset" 137
"../../../Engine/Content/VREditor/TransformGizmo/TransformGizmoMaterial.uasset" 138
"../../../Engine/Content/VREditor/TransformGizmo/TranslucentTransformGizmoMaterial.uasset" 139
"../../../Engine/Content/VREditor/TransformGizmo/BoundingBoxCorner.uasset" 140
"../../../Engine/Content/VREditor/TransformGizmo/BoundingBoxEdge.uasset" 141
"../../../Engine/Content/VREditor/TransformGizmo/PlaneTranslationHandle.uasset" 142
"../../../Engine/Content/VREditor/TransformGizmo/Main.uasset" 143
"../../../Engine/Content/VREditor/TransformGizmo/Xray.uasset" 144
"../../../Engine/Content/VREditor/TransformGizmo/SM_Sequencer_Key.uasset" 145
"../../../Engine/Content/VREditor/TransformGizmo/SM_Sequencer_Node.uasset" 146
"../../Plugins/2D/Paper2D/Content/PlaceholderTextures/DummySpriteTexture.uasset" 147
"../../Plugins/2D/Paper2D/Content/DummySprite.uasset" 148
"../../Plugins/2D/Paper2D/Content/DefaultPaperTerrainMaterial.uasset" 149
"../../Plugins/2D/Paper2D/Content/DefaultSpriteMaterial.uasset" 150
"../../Plugins/2D/Paper2D/Content/MaskedUnlitSpriteMaterial.uasset" 151
"../../Plugins/2D/Paper2D/Content/OpaqueUnlitSpriteMaterial.uasset" 152
"../../Plugins/FX/Niagara/Content/Enums/ENiagaraBooleanLogicOps.uasset" 153
"../../Plugins/FX/Niagara/Content/Enums/ENiagaraCoordinateSpace.uasset" 154
"../../Plugins/FX/Niagara/Content/Enums/ENiagaraExpansionMode.uasset" 155
"../../Plugins/FX/Niagara/Content/Enums/ENiagaraOrientationAxis.uasset" 156
"../../Plugins/FX/Niagara/Content/Enums/ENiagaraRandomnessMode.uasset" 157
"../../../Engine/Content/Functions/Engine_MaterialFunctions02/Utility/BreakOutFloat4Components.uasset" 158
"../../../Engine/Content/Functions/Engine_MaterialFunctions02/Utility/MakeFloat2.uasset" 159
"../../../Engine/Content/Functions/Engine_MaterialFunctions02/Utility/MakeFloat3.uasset" 160
"../../Plugins/Runtime/Oculus/OculusVR/Content/Materials/OculusMR_ChromaKey.uasset" 161
"../../Plugins/Runtime/Oculus/OculusVR/Content/Materials/OculusMR_ChromaKey_Lit.uasset" 162
"../../Plugins/Runtime/Oculus/OculusVR/Content/Materials/OculusMR_OpaqueColoredMaterial.uasset" 163
"../../Plugins/Runtime/Oculus/OculusVR/Content/Materials/OculusMR_WhiteMaterial.uasset" 164
"../../../Engine/Content/EditorBlueprintResources/StandardMacros.uasset" 165
"../../../Engine/Content/EngineSky/C_Sky_Cloud_Color.uasset" 166
"../../../Engine/Content/EngineSky/C_Sky_Horizon_Color.uasset" 167
"../../../Engine/Content/EngineSky/C_Sky_Zenith_Color.uasset" 168
"../../../Engine/Content/EngineSky/T_Sky_Blue.uasset" 169
"../../../Engine/Content/EngineSky/T_Sky_Clouds_M.uasset" 170
"../../../Engine/Content/EngineSky/T_Sky_Stars.uasset" 171
"../../../Engine/Content/EngineSky/M_Sky_Panning_Clouds2.uasset" 172
"../../../Engine/Content/EngineSky/SM_SkySphere.uasset" 173
"../../../Engine/Content/EngineSky/BP_Sky_Sphere.uasset" 174
"../../../Engine/Content/Animation/DefaultAnimBoneCompressionSettings.uasset" 175
"../../../../../../Users/Leethres/Documents/Unreal Projects/Proyecto_01_Runner/Content/RunnerFiles/ModeloPersonaje/Guerrera_6_Skeleton.uasset" 176
"../../../../../../Users/Leethres/Documents/Unreal Projects/Proyecto_01_Runner/Content/RunnerFiles/ModeloPersonaje/Anim_Run.uasset" 177
"../../../../../../Users/Leethres/Documents/Unreal Projects/Proyecto_01_Runner/Content/RunnerFiles/ModeloPersonaje/Salto_Final.uasset" 178
"../../../../../../Users/Leethres/Documents/Unreal Projects/Proyecto_01_Runner/Content/RunnerFiles/ModeloPersonaje/Salto_Inicial.uasset" 179
"../../../../../../Users/Leethres/Documents/Unreal Projects/Proyecto_01_Runner/Content/RunnerFiles/ModeloPersonaje/Salto_Medio.uasset" 180
"../../../../../../Users/Leethres/Documents/Unreal Projects/Proyecto_01_Runner/Content/Mannequin/Animations/NewAnimBlueprint.uasset" 181
"../../../../../../Users/Leethres/Documents/Unreal Projects/Proyecto_01_Runner/Content/RunnerFiles/Arte_2d/perder2.uasset" 182
"../../../../../../Users/Leethres/Documents/Unreal Projects/Proyecto_01_Runner/Content/RunnerFiles/Arte_2d/883bd886-fb7c-4c67-a279-f215c237c55b.uasset" 183
"../../../../../../Users/Leethres/Documents/Unreal Projects/Proyecto_01_Runner/Content/RunnerFiles/Arte_2d/c1fa8e4f-d94f-416d-bccb-30c8e1ea0673.uasset" 184
"../../../../../../Users/Leethres/Documents/Unreal Projects/Proyecto_01_Runner/Content/RunnerFiles/Arte_2d/game_over.uasset" 185
"../../../../../../Users/Leethres/Documents/Unreal Projects/Proyecto_01_Runner/Content/RunnerFiles/Arte_2d/menu.uasset" 186
"../../../../../../Users/Leethres/Documents/Unreal Projects/Proyecto_01_Runner/Content/RunnerFiles/Arte_2d/restart.uasset" 187
"../../../../../../Users/Leethres/Documents/Unreal Projects/Proyecto_01_Runner/Content/RunnerFiles/Interfaces/GameOver.uasset" 188
"../../../../../../Users/Leethres/Documents/Unreal Projects/Proyecto_01_Runner/Content/RunnerFiles/Interfaces/HUD.uasset" 189
"../../../../../../Users/Leethres/Documents/Unreal Projects/Proyecto_01_Runner/Content/RunnerFiles/ModeloPersonaje/destroyrider_tga.uasset" 190
"../../../../../../Users/Leethres/Documents/Unreal Projects/Proyecto_01_Runner/Content/RunnerFiles/ModeloPersonaje/Cerezo.uasset" 191
"../../../../../../Users/Leethres/Documents/Unreal Projects/Proyecto_01_Runner/Content/RunnerFiles/ModeloPersonaje/Guerrera_6_PhysicsAsset.uasset" 192
"../../../../../../Users/Leethres/Documents/Unreal Projects/Proyecto_01_Runner/Content/RunnerFiles/ModeloPersonaje/Guerrera_6.uasset" 193
"../../../../../../Users/Leethres/Documents/Unreal Projects/Proyecto_01_Runner/Content/ThirdPersonBP/Blueprints/ThirdPersonCharacter.uasset" 194
"../../../../../../Users/Leethres/Documents/Unreal Projects/Proyecto_01_Runner/Content/RunnerFiles/Meshes/KineticEnergy.uasset" 195
"../../../../../../Users/Leethres/Documents/Unreal Projects/Proyecto_01_Runner/Content/RunnerFiles/Meshes/pickup_kineticEnergy.uasset" 196
"../../../../../../Users/Leethres/Documents/Unreal Projects/Proyecto_01_Runner/Content/RunnerFiles/Potato_King/spr_coin.uasset" 197
"../../../../../../Users/Leethres/Documents/Unreal Projects/Proyecto_01_Runner/Content/RunnerFiles/Potato_King/Coin_Texture.uasset" 198
"../../../../../../Users/Leethres/Documents/Unreal Projects/Proyecto_01_Runner/Content/RunnerFiles/Potato_King/Moneda_1.uasset" 199
"../../../../../../Users/Leethres/Documents/Unreal Projects/Proyecto_01_Runner/Content/RunnerFiles/Sounds/Pickup_SFX.uasset" 200
"../../../../../../Users/Leethres/Documents/Unreal Projects/Proyecto_01_Runner/Content/RunnerFiles/Blueprints/Coins.uasset" 201
"../../../../../../Users/Leethres/Documents/Unreal Projects/Proyecto_01_Runner/Content/RunnerFiles/Arte_2d/power_up.uasset" 202
"../../../../../../Users/Leethres/Documents/Unreal Projects/Proyecto_01_Runner/Content/RunnerFiles/Meshes/MagnetRed.uasset" 203
"../../../../../../Users/Leethres/Documents/Unreal Projects/Proyecto_01_Runner/Content/RunnerFiles/Meshes/MagnetWhite.uasset" 204
"../../../../../../Users/Leethres/Documents/Unreal Projects/Proyecto_01_Runner/Content/RunnerFiles/Meshes/Magnet.uasset" 205
"../../../../../../Users/Leethres/Documents/Unreal Projects/Proyecto_01_Runner/Content/RunnerFiles/Blueprints/Magnet.uasset" 206
"../../../../../../Users/Leethres/Documents/Unreal Projects/Proyecto_01_Runner/Content/RunnerFiles/Potato_King/tronco_pinchudo_textura_1.uasset" 207
"../../../../../../Users/Leethres/Documents/Unreal Projects/Proyecto_01_Runner/Content/RunnerFiles/Potato_King/01_-_Default.uasset" 208
"../../../../../../Users/Leethres/Documents/Unreal Projects/Proyecto_01_Runner/Content/RunnerFiles/Potato_King/Tronco_Triple_Pinchos_Cono_1.uasset" 209
"../../../../../../Users/Leethres/Documents/Unreal Projects/Proyecto_01_Runner/Content/RunnerFiles/Potato_King/Tronco_Triple_Pinchos_Cono_2.uasset" 210
"../../../../../../Users/Leethres/Documents/Unreal Projects/Proyecto_01_Runner/Content/RunnerFiles/Potato_King/Tronco_Triple_Pinchos_Cono_3.uasset" 211
"../../../../../../Users/Leethres/Documents/Unreal Projects/Proyecto_01_Runner/Content/RunnerFiles/Potato_King/Tronco_Triple_Pinchos_Cono_4.uasset" 212
"../../../../../../Users/Leethres/Documents/Unreal Projects/Proyecto_01_Runner/Content/RunnerFiles/Blueprints/Obstacle_Box.uasset" 213
"../../../../../../Users/Leethres/Documents/Unreal Projects/Proyecto_01_Runner/Content/RunnerFiles/Meshes/Mat_Pipe.uasset" 214
"../../../../../../Users/Leethres/Documents/Unreal Projects/Proyecto_01_Runner/Content/RunnerFiles/Meshes/Low_Obstacles_Pipes.uasset" 215
"../../../../../../Users/Leethres/Documents/Unreal Projects/Proyecto_01_Runner/Content/RunnerFiles/Potato_King/Tablas/Tablas_Textura_1.uasset" 216
"../../../../../../Users/Leethres/Documents/Unreal Projects/Proyecto_01_Runner/Content/RunnerFiles/Potato_King/Tablas/Mat_Tablas_Mina.uasset" 217
"../../../../../../Users/Leethres/Documents/Unreal Projects/Proyecto_01_Runner/Content/RunnerFiles/Potato_King/Tablas/Tablas_y_Pilares_Tabla_A.uasset" 218
"../../../../../../Users/Leethres/Documents/Unreal Projects/Proyecto_01_Runner/Content/RunnerFiles/Potato_King/Tablas/Tablas_y_Pilares_Tabla_B.uasset" 219
"../../../../../../Users/Leethres/Documents/Unreal Projects/Proyecto_01_Runner/Content/RunnerFiles/Potato_King/Tablas/Tablas_y_Pilares_Tabla_C.uasset" 220
"../../../../../../Users/Leethres/Documents/Unreal Projects/Proyecto_01_Runner/Content/RunnerFiles/Potato_King/Tablas/Tablas_y_Pilares_Tabla_D.uasset" 221
"../../../../../../Users/Leethres/Documents/Unreal Projects/Proyecto_01_Runner/Content/RunnerFiles/Potato_King/Tablas/Tablas_y_Pilares_Tabla_E.uasset" 222
"../../../../../../Users/Leethres/Documents/Unreal Projects/Proyecto_01_Runner/Content/RunnerFiles/Potato_King/Tablas/Tablas_y_Pilares_Tabla_F.uasset" 223
"../../../../../../Users/Leethres/Documents/Unreal Projects/Proyecto_01_Runner/Content/RunnerFiles/Potato_King/Tablas/Tablas_y_Pilares_Tabla_G.uasset" 224
"../../../../../../Users/Leethres/Documents/Unreal Projects/Proyecto_01_Runner/Content/RunnerFiles/Blueprints/Obstacle_Pipe.uasset" 225
"../../../../../../Users/Leethres/Documents/Unreal Projects/Proyecto_01_Runner/Content/RunnerFiles/Textures/FloorTile_Diff.uasset" 226
"../../../../../../Users/Leethres/Documents/Unreal Projects/Proyecto_01_Runner/Content/RunnerFiles/Textures/FloorTile_EM.uasset" 227
"../../../../../../Users/Leethres/Documents/Unreal Projects/Proyecto_01_Runner/Content/RunnerFiles/Textures/FloorTile_Nrm.uasset" 228
"../../../../../../Users/Leethres/Documents/Unreal Projects/Proyecto_01_Runner/Content/RunnerFiles/Materials/FloorTile_Mat.uasset" 229
"../../../Engine/Content/BasicShapes/Cube.uasset" 230
"../../../../../../Users/Leethres/Documents/Unreal Projects/Proyecto_01_Runner/Content/RunnerFiles/Blueprints/MasterTile.uasset" 231
"../../../../../../Users/Leethres/Documents/Unreal Projects/Proyecto_01_Runner/Content/ThirdPersonBP/Blueprints/ThirdPersonGameMode.uasset" 232
"../../../../../../Users/Leethres/Documents/Unreal Projects/Proyecto_01_Runner/Content/RunnerFiles/Maps/FirstMap_BuiltData.uasset" 233
"../../../../../../Users/Leethres/Documents/Unreal Projects/Proyecto_01_Runner/Content/RunnerFiles/Arte_2d/Aakash_Gandhi_-_Chariots_of_War2.uasset" 234
"../../../../../../Users/Leethres/Documents/Unreal Projects/Proyecto_01_Runner/Content/RunnerFiles/Maps/FirstMap.umap" 235
"../../../../../../Users/Leethres/Documents/Unreal Projects/Proyecto_01_Runner/Content/Blueprints/MainMenuMode.uasset" 236
"../../../../../../Users/Leethres/Documents/Unreal Projects/Proyecto_01_Runner/Content/RunnerFiles/Arte_2d/Endless_Runner.uasset" 237
"../../../../../../Users/Leethres/Documents/Unreal Projects/Proyecto_01_Runner/Content/RunnerFiles/Arte_2d/exit.uasset" 238
"../../../../../../Users/Leethres/Documents/Unreal Projects/Proyecto_01_Runner/Content/RunnerFiles/Arte_2d/play.uasset" 239
"../../../../../../Users/Leethres/Documents/Unreal Projects/Proyecto_01_Runner/Content/RunnerFiles/Interfaces/wp2567196.uasset" 240
"../../../../../../Users/Leethres/Documents/Unreal Projects/Proyecto_01_Runner/Content/RunnerFiles/Interfaces/MainMenu.uasset" 241
"../../../../../../Users/Leethres/Documents/Unreal Projects/Proyecto_01_Runner/Content/RunnerFiles/Maps/MainMenu.umap" 242
"../../../Engine/Content/Maps/Entry_BuiltData.uasset" 243
"../../../Engine/Content/Maps/Entry.umap" 244
